Command line invocation:
    /Applications/Xcode.app/Contents/Developer/usr/bin/xcodebuild -project ../OralableApp.xcodeproj -scheme OralableForDentists -configuration Debug -destination "platform=iOS Simulator,name=iPhone 17 Pro" build

Resolve Package Graph


Resolved source packages:
  swift-async-algorithms: https://github.com/apple/swift-async-algorithms.git @ 1.0.4
  swift-collections: https://github.com/apple/swift-collections.git @ 1.3.0

ComputePackagePrebuildTargetDependencyGraph

Prepare packages

CreateBuildRequest

SendProjectDescription

CreateBuildOperation

ComputeTargetDependencyGraph
note: Building targets in dependency order
note: Target dependency graph (1 target)
    Target 'OralableForDentists' in project 'OralableApp' (no dependencies)

GatherProvisioningInputs

CreateBuildDescription

ExecuteExternalTool /Applications/Xcode.app/Contents/Developer/Toolchains/XcodeDefault.xctoolchain/usr/bin/clang -v -E -dM -isysroot /Applications/Xcode.app/Contents/Developer/Platforms/iPhoneSimulator.platform/Developer/SDKs/iPhoneSimulator26.1.sdk -x c -c /dev/null

ExecuteExternalTool /Applications/Xcode.app/Contents/Developer/Toolchains/XcodeDefault.xctoolchain/usr/bin/swiftc --version

ExecuteExternalTool /Applications/Xcode.app/Contents/Developer/Toolchains/XcodeDefault.xctoolchain/usr/bin/ld -version_details

Build description signature: e515f76e915229a5eefab019e5d22d20
Build description path: /Users/johnacogan67/Library/Developer/Xcode/DerivedData/Build/Intermediates.noindex/XCBuildData/e515f76e915229a5eefab019e5d22d20.xcbuilddata
ClangStatCache /Applications/Xcode.app/Contents/Developer/Toolchains/XcodeDefault.xctoolchain/usr/bin/clang-stat-cache /Applications/Xcode.app/Contents/Developer/Platforms/iPhoneSimulator.platform/Developer/SDKs/iPhoneSimulator26.1.sdk /Users/johnacogan67/Library/Developer/Xcode/DerivedData/SDKStatCaches.noindex/iphonesimulator26.1-23B77-3885c01c3e6b6a337905948deab2002e90cf18a4295e390e64c810bc6bd7acbc.sdkstatcache
    cd /Users/johnacogan67/Projects/oralable_ios/OralableApp/OralableApp.xcodeproj
    /Applications/Xcode.app/Contents/Developer/Toolchains/XcodeDefault.xctoolchain/usr/bin/clang-stat-cache /Applications/Xcode.app/Contents/Developer/Platforms/iPhoneSimulator.platform/Developer/SDKs/iPhoneSimulator26.1.sdk -o /Users/johnacogan67/Library/Developer/Xcode/DerivedData/SDKStatCaches.noindex/iphonesimulator26.1-23B77-3885c01c3e6b6a337905948deab2002e90cf18a4295e390e64c810bc6bd7acbc.sdkstatcache

WriteAuxiliaryFile /Users/johnacogan67/Library/Developer/Xcode/DerivedData/Build/Intermediates.noindex/OralableApp.build/Debug-iphonesimulator/OralableForDentists.build/Objects-normal/arm64/OralableForDentists.SwiftFileList (in target 'OralableForDentists' from project 'OralableApp')
    cd /Users/johnacogan67/Projects/oralable_ios/OralableApp
    write-file /Users/johnacogan67/Library/Developer/Xcode/DerivedData/Build/Intermediates.noindex/OralableApp.build/Debug-iphonesimulator/OralableForDentists.build/Objects-normal/arm64/OralableForDentists.SwiftFileList

WriteAuxiliaryFile /Users/johnacogan67/Library/Developer/Xcode/DerivedData/Build/Intermediates.noindex/OralableApp.build/Debug-iphonesimulator/OralableForDentists.build/Objects-normal/arm64/OralableForDentists.SwiftConstValuesFileList (in target 'OralableForDentists' from project 'OralableApp')
    cd /Users/johnacogan67/Projects/oralable_ios/OralableApp
    write-file /Users/johnacogan67/Library/Developer/Xcode/DerivedData/Build/Intermediates.noindex/OralableApp.build/Debug-iphonesimulator/OralableForDentists.build/Objects-normal/arm64/OralableForDentists.SwiftConstValuesFileList

WriteAuxiliaryFile /Users/johnacogan67/Library/Developer/Xcode/DerivedData/Build/Intermediates.noindex/OralableApp.build/Debug-iphonesimulator/OralableForDentists.build/Objects-normal/arm64/OralableForDentists.LinkFileList (in target 'OralableForDentists' from project 'OralableApp')
    cd /Users/johnacogan67/Projects/oralable_ios/OralableApp
    write-file /Users/johnacogan67/Library/Developer/Xcode/DerivedData/Build/Intermediates.noindex/OralableApp.build/Debug-iphonesimulator/OralableForDentists.build/Objects-normal/arm64/OralableForDentists.LinkFileList

WriteAuxiliaryFile /Users/johnacogan67/Library/Developer/Xcode/DerivedData/Build/Intermediates.noindex/OralableApp.build/Debug-iphonesimulator/OralableForDentists.build/Objects-normal/arm64/OralableForDentists-OutputFileMap.json (in target 'OralableForDentists' from project 'OralableApp')
    cd /Users/johnacogan67/Projects/oralable_ios/OralableApp
    write-file /Users/johnacogan67/Library/Developer/Xcode/DerivedData/Build/Intermediates.noindex/OralableApp.build/Debug-iphonesimulator/OralableForDentists.build/Objects-normal/arm64/OralableForDentists-OutputFileMap.json

ProcessInfoPlistFile /Users/johnacogan67/Library/Developer/Xcode/DerivedData/Build/Products/Debug-iphonesimulator/OralableForDentists.app/Info.plist /Users/johnacogan67/Projects/oralable_ios/OralableApp/OralableForDentists/Info.plist (in target 'OralableForDentists' from project 'OralableApp')
    cd /Users/johnacogan67/Projects/oralable_ios/OralableApp
    builtin-infoPlistUtility /Users/johnacogan67/Projects/oralable_ios/OralableApp/OralableForDentists/Info.plist -producttype com.apple.product-type.application -genpkginfo /Users/johnacogan67/Library/Developer/Xcode/DerivedData/Build/Products/Debug-iphonesimulator/OralableForDentists.app/PkgInfo -expandbuildsettings -format binary -platform iphonesimulator -o /Users/johnacogan67/Library/Developer/Xcode/DerivedData/Build/Products/Debug-iphonesimulator/OralableForDentists.app/Info.plist

SwiftDriver OralableForDentists normal arm64 com.apple.xcode.tools.swift.compiler (in target 'OralableForDentists' from project 'OralableApp')
    cd /Users/johnacogan67/Projects/oralable_ios/OralableApp
    builtin-SwiftDriver -- /Applications/Xcode.app/Contents/Developer/Toolchains/XcodeDefault.xctoolchain/usr/bin/swiftc -module-name OralableForDentists -Onone -enforce-exclusivity\=checked @/Users/johnacogan67/Library/Developer/Xcode/DerivedData/Build/Intermediates.noindex/OralableApp.build/Debug-iphonesimulator/OralableForDentists.build/Objects-normal/arm64/OralableForDentists.SwiftFileList -DDEBUG -default-isolation\=MainActor -enable-bare-slash-regex -enable-upcoming-feature DisableOutwardActorInference -enable-upcoming-feature InferSendableFromCaptures -enable-upcoming-feature GlobalActorIsolatedTypesUsability -enable-upcoming-feature MemberImportVisibility -enable-upcoming-feature InferIsolatedConformances -enable-upcoming-feature NonisolatedNonsendingByDefault -enable-experimental-feature DebugDescriptionMacro -sdk /Applications/Xcode.app/Contents/Developer/Platforms/iPhoneSimulator.platform/Developer/SDKs/iPhoneSimulator26.1.sdk -target arm64-apple-ios26.1-simulator -g -module-cache-path /Users/johnacogan67/Library/Developer/Xcode/DerivedData/ModuleCache.noindex -Xfrontend -serialize-debugging-options -profile-coverage-mapping -profile-generate -enable-testing -index-store-path /Users/johnacogan67/Library/Developer/Xcode/DerivedData/OralableApp-bbqtqzgjthkkwbbxnapmqywzpgkr/Index.noindex/DataStore -Xcc -D_LIBCPP_HARDENING_MODE\=_LIBCPP_HARDENING_MODE_DEBUG -swift-version 5 -I /Users/johnacogan67/Library/Developer/Xcode/DerivedData/Build/Products/Debug-iphonesimulator -F /Users/johnacogan67/Library/Developer/Xcode/DerivedData/Build/Products/Debug-iphonesimulator -emit-localized-strings -emit-localized-strings-path /Users/johnacogan67/Library/Developer/Xcode/DerivedData/Build/Intermediates.noindex/OralableApp.build/Debug-iphonesimulator/OralableForDentists.build/Objects-normal/arm64 -c -j8 -enable-batch-mode -incremental -Xcc -ivfsstatcache -Xcc /Users/johnacogan67/Library/Developer/Xcode/DerivedData/SDKStatCaches.noindex/iphonesimulator26.1-23B77-3885c01c3e6b6a337905948deab2002e90cf18a4295e390e64c810bc6bd7acbc.sdkstatcache -output-file-map /Users/johnacogan67/Library/Developer/Xcode/DerivedData/Build/Intermediates.noindex/OralableApp.build/Debug-iphonesimulator/OralableForDentists.build/Objects-normal/arm64/OralableForDentists-OutputFileMap.json -use-frontend-parseable-output -save-temps -no-color-diagnostics -explicit-module-build -module-cache-path /Users/johnacogan67/Library/Developer/Xcode/DerivedData/Build/Intermediates.noindex/SwiftExplicitPrecompiledModules -clang-scanner-module-cache-path /Users/johnacogan67/Library/Developer/Xcode/DerivedData/ModuleCache.noindex -sdk-module-cache-path /Users/johnacogan67/Library/Developer/Xcode/DerivedData/ModuleCache.noindex -serialize-diagnostics -emit-dependencies -emit-module -emit-module-path /Users/johnacogan67/Library/Developer/Xcode/DerivedData/Build/Intermediates.noindex/OralableApp.build/Debug-iphonesimulator/OralableForDentists.build/Objects-normal/arm64/OralableForDentists.swiftmodule -validate-clang-modules-once -clang-build-session-file /Users/johnacogan67/Library/Developer/Xcode/DerivedData/ModuleCache.noindex/Session.modulevalidation -Xcc -I/Users/johnacogan67/Library/Developer/Xcode/DerivedData/Build/Intermediates.noindex/OralableApp.build/Debug-iphonesimulator/OralableForDentists.build/swift-overrides.hmap -emit-const-values -Xfrontend -const-gather-protocols-file -Xfrontend /Users/johnacogan67/Library/Developer/Xcode/DerivedData/Build/Intermediates.noindex/OralableApp.build/Debug-iphonesimulator/OralableForDentists.build/Objects-normal/arm64/OralableForDentists_const_extract_protocols.json -Xcc -iquote -Xcc /Users/johnacogan67/Library/Developer/Xcode/DerivedData/Build/Intermediates.noindex/OralableApp.build/Debug-iphonesimulator/OralableForDentists.build/OralableForDentists-generated-files.hmap -Xcc -I/Users/johnacogan67/Library/Developer/Xcode/DerivedData/Build/Intermediates.noindex/OralableApp.build/Debug-iphonesimulator/OralableForDentists.build/OralableForDentists-own-target-headers.hmap -Xcc -I/Users/johnacogan67/Library/Developer/Xcode/DerivedData/Build/Intermediates.noindex/OralableApp.build/Debug-iphonesimulator/OralableForDentists.build/OralableForDentists-all-target-headers.hmap -Xcc -iquote -Xcc /Users/johnacogan67/Library/Developer/Xcode/DerivedData/Build/Intermediates.noindex/OralableApp.build/Debug-iphonesimulator/OralableForDentists.build/OralableForDentists-project-headers.hmap -Xcc -I/Users/johnacogan67/Library/Developer/Xcode/DerivedData/Build/Products/Debug-iphonesimulator/include -Xcc -I/Users/johnacogan67/Library/Developer/Xcode/DerivedData/Build/Intermediates.noindex/OralableApp.build/Debug-iphonesimulator/OralableForDentists.build/DerivedSources-normal/arm64 -Xcc -I/Users/johnacogan67/Library/Developer/Xcode/DerivedData/Build/Intermediates.noindex/OralableApp.build/Debug-iphonesimulator/OralableForDentists.build/DerivedSources/arm64 -Xcc -I/Users/johnacogan67/Library/Developer/Xcode/DerivedData/Build/Intermediates.noindex/OralableApp.build/Debug-iphonesimulator/OralableForDentists.build/DerivedSources -Xcc -DDEBUG\=1 -emit-objc-header -emit-objc-header-path /Users/johnacogan67/Library/Developer/Xcode/DerivedData/Build/Intermediates.noindex/OralableApp.build/Debug-iphonesimulator/OralableForDentists.build/Objects-normal/arm64/OralableForDentists-Swift.h -working-directory /Users/johnacogan67/Projects/oralable_ios/OralableApp -experimental-emit-module-separately -disable-cmo

SwiftCompile normal arm64 Compiling\ OralableForDentists.swift /Users/johnacogan67/Projects/oralable_ios/OralableApp/OralableForDentists/OralableForDentists.swift (in target 'OralableForDentists' from project 'OralableApp')

SwiftCompile normal arm64 /Users/johnacogan67/Projects/oralable_ios/OralableApp/OralableForDentists/OralableForDentists.swift (in target 'OralableForDentists' from project 'OralableApp')
    cd /Users/johnacogan67/Projects/oralable_ios/OralableApp
    

SwiftCompile normal arm64 Compiling\ Logger.swift,\ LoggingService.swift /Users/johnacogan67/Projects/oralable_ios/OralableApp/OralableApp/Managers/Logger.swift /Users/johnacogan67/Projects/oralable_ios/OralableApp/OralableApp/Models/Devices/LoggingService.swift (in target 'OralableForDentists' from project 'OralableApp')
Failed frontend command:
/Applications/Xcode.app/Contents/Developer/Toolchains/XcodeDefault.xctoolchain/usr/bin/swift-frontend -frontend -c -primary-file /Users/johnacogan67/Projects/oralable_ios/OralableApp/OralableApp/Managers/Logger.swift -primary-file /Users/johnacogan67/Projects/oralable_ios/OralableApp/OralableApp/Models/Devices/LoggingService.swift /Users/johnacogan67/Projects/oralable_ios/OralableApp/OralableForDentists/Managers/DentistAppDependencies.swift /Users/johnacogan67/Projects/oralable_ios/OralableApp/OralableForDentists/Managers/DentistAuthenticationManager.swift /Users/johnacogan67/Projects/oralable_ios/OralableApp/OralableForDentists/Managers/DentistDataManager.swift /Users/johnacogan67/Projects/oralable_ios/OralableApp/OralableForDentists/Managers/DentistSubscriptionManager.swift /Users/johnacogan67/Projects/oralable_ios/OralableApp/OralableForDentists/ViewModels/AddPatientViewModel.swift /Users/johnacogan67/Projects/oralable_ios/OralableApp/OralableForDentists/ViewModels/DentistSettingsViewModel.swift /Users/johnacogan67/Projects/oralable_ios/OralableApp/OralableForDentists/ViewModels/PatientListViewModel.swift /Users/johnacogan67/Projects/oralable_ios/OralableApp/OralableForDentists/Views/AddPatientView.swift /Users/johnacogan67/Projects/oralable_ios/OralableApp/OralableForDentists/Views/DentistSettingsView.swift /Users/johnacogan67/Projects/oralable_ios/OralableApp/OralableForDentists/Views/PatientDetailView.swift /Users/johnacogan67/Projects/oralable_ios/OralableApp/OralableForDentists/Views/PatientListView.swift /Users/johnacogan67/Projects/oralable_ios/OralableApp/OralableForDentists/Views/UpgradePromptView.swift /Users/johnacogan67/Projects/oralable_ios/OralableApp/OralableForDentists/OralableForDentists.swift -emit-dependencies-path /Users/johnacogan67/Library/Developer/Xcode/DerivedData/Build/Intermediates.noindex/OralableApp.build/Debug-iphonesimulator/OralableForDentists.build/Objects-normal/arm64/Logger.d -emit-const-values-path /Users/johnacogan67/Library/Developer/Xcode/DerivedData/Build/Intermediates.noindex/OralableApp.build/Debug-iphonesimulator/OralableForDentists.build/Objects-normal/arm64/Logger.swiftconstvalues -emit-reference-dependencies-path /Users/johnacogan67/Library/Developer/Xcode/DerivedData/Build/Intermediates.noindex/OralableApp.build/Debug-iphonesimulator/OralableForDentists.build/Objects-normal/arm64/Logger.swiftdeps -serialize-diagnostics-path /Users/johnacogan67/Library/Developer/Xcode/DerivedData/Build/Intermediates.noindex/OralableApp.build/Debug-iphonesimulator/OralableForDentists.build/Objects-normal/arm64/Logger.dia -emit-dependencies-path /Users/johnacogan67/Library/Developer/Xcode/DerivedData/Build/Intermediates.noindex/OralableApp.build/Debug-iphonesimulator/OralableForDentists.build/Objects-normal/arm64/LoggingService.d -emit-const-values-path /Users/johnacogan67/Library/Developer/Xcode/DerivedData/Build/Intermediates.noindex/OralableApp.build/Debug-iphonesimulator/OralableForDentists.build/Objects-normal/arm64/LoggingService.swiftconstvalues -emit-reference-dependencies-path /Users/johnacogan67/Library/Developer/Xcode/DerivedData/Build/Intermediates.noindex/OralableApp.build/Debug-iphonesimulator/OralableForDentists.build/Objects-normal/arm64/LoggingService.swiftdeps -serialize-diagnostics-path /Users/johnacogan67/Library/Developer/Xcode/DerivedData/Build/Intermediates.noindex/OralableApp.build/Debug-iphonesimulator/OralableForDentists.build/Objects-normal/arm64/LoggingService.dia -emit-localized-strings -emit-localized-strings-path /Users/johnacogan67/Library/Developer/Xcode/DerivedData/Build/Intermediates.noindex/OralableApp.build/Debug-iphonesimulator/OralableForDentists.build/Objects-normal/arm64 -target arm64-apple-ios26.1-simulator -disable-cross-import-overlay-search -swift-module-cross-import AuthenticationServices /Applications/Xcode.app/Contents/Developer/Platforms/iPhoneSimulator.platform/Developer/SDKs/iPhoneSimulator.sdk/System/Cryptexes/OS/System/Library/Frameworks/AuthenticationServices.framework/Modules/AuthenticationServices.swiftcrossimport/SwiftUI.swiftoverlay -swift-module-cross-import AuthenticationServices /Applications/Xcode.app/Contents/Developer/Platforms/iPhoneSimulator.platform/Developer/SDKs/iPhoneSimulator26.1.sdk/System/Library/Frameworks/AuthenticationServices.framework/Modules/AuthenticationServices.swiftcrossimport/SwiftUI.swiftoverlay -swift-module-cross-import StoreKit /Applications/Xcode.app/Contents/Developer/Platforms/iPhoneSimulator.platform/Developer/SDKs/iPhoneSimulator.sdk/System/Library/Frameworks/StoreKit.framework/Modules/StoreKit.swiftcrossimport/SwiftUI.swiftoverlay -swift-module-cross-import StoreKit /Applications/Xcode.app/Contents/Developer/Platforms/iPhoneSimulator.platform/Developer/SDKs/iPhoneSimulator26.1.sdk/System/Library/Frameworks/StoreKit.framework/Modules/StoreKit.swiftcrossimport/SwiftUI.swiftoverlay -load-resolved-plugin /Applications/Xcode.app/Contents/Developer/Platforms/iPhoneOS.platform/Developer/usr/lib/swift/host/plugins/libFoundationMacros.dylib\#/Applications/Xcode.app/Contents/Developer/Platforms/iPhoneOS.platform/Developer/usr/bin/swift-plugin-server\#FoundationMacros -load-resolved-plugin /Applications/Xcode.app/Contents/Developer/Platforms/iPhoneOS.platform/Developer/usr/lib/swift/host/plugins/libObservationMacros.dylib\#/Applications/Xcode.app/Contents/Developer/Platforms/iPhoneOS.platform/Developer/usr/bin/swift-plugin-server\#ObservationMacros -load-resolved-plugin /Applications/Xcode.app/Contents/Developer/Platforms/iPhoneOS.platform/Developer/usr/lib/swift/host/plugins/libPreviewsMacros.dylib\#/Applications/Xcode.app/Contents/Developer/Platforms/iPhoneOS.platform/Developer/usr/bin/swift-plugin-server\#PreviewsMacros -load-resolved-plugin /Applications/Xcode.app/Contents/Developer/Platforms/iPhoneOS.platform/Developer/usr/lib/swift/host/plugins/libSwiftMacros.dylib\#/Applications/Xcode.app/Contents/Developer/Platforms/iPhoneOS.platform/Developer/usr/bin/swift-plugin-server\#SwiftMacros -load-resolved-plugin /Applications/Xcode.app/Contents/Developer/Platforms/iPhoneOS.platform/Developer/usr/lib/swift/host/plugins/libSwiftUIMacros.dylib\#/Applications/Xcode.app/Contents/Developer/Platforms/iPhoneOS.platform/Developer/usr/bin/swift-plugin-server\#SwiftUIMacros -disable-implicit-swift-modules -Xcc -fno-implicit-modules -Xcc -fno-implicit-module-maps -explicit-swift-module-map-file /Users/johnacogan67/Library/Developer/Xcode/DerivedData/Build/Intermediates.noindex/OralableApp.build/Debug-iphonesimulator/OralableForDentists.build/Objects-normal/arm64/OralableForDentists-dependencies-1.json -Xllvm -aarch64-use-tbi -enable-objc-interop -sdk /Applications/Xcode.app/Contents/Developer/Platforms/iPhoneSimulator.platform/Developer/SDKs/iPhoneSimulator26.1.sdk -I /Users/johnacogan67/Library/Developer/Xcode/DerivedData/Build/Products/Debug-iphonesimulator -F /Users/johnacogan67/Library/Developer/Xcode/DerivedData/Build/Products/Debug-iphonesimulator -no-color-diagnostics -Xcc -fno-color-diagnostics -enable-testing -g -debug-info-format\=dwarf -dwarf-version\=5 -module-cache-path /Users/johnacogan67/Library/Developer/Xcode/DerivedData/Build/Intermediates.noindex/SwiftExplicitPrecompiledModules -profile-generate -profile-coverage-mapping -swift-version 5 -enforce-exclusivity\=checked -Onone -D DEBUG -serialize-debugging-options -const-gather-protocols-file /Users/johnacogan67/Library/Developer/Xcode/DerivedData/Build/Intermediates.noindex/OralableApp.build/Debug-iphonesimulator/OralableForDentists.build/Objects-normal/arm64/OralableForDentists_const_extract_protocols.json -enable-upcoming-feature DisableOutwardActorInference -enable-upcoming-feature InferSendableFromCaptures -enable-upcoming-feature GlobalActorIsolatedTypesUsability -enable-upcoming-feature MemberImportVisibility -enable-upcoming-feature InferIsolatedConformances -enable-upcoming-feature NonisolatedNonsendingByDefault -enable-experimental-feature DebugDescriptionMacro -enable-bare-slash-regex -default-isolation\=MainActor -empty-abi-descriptor -validate-clang-modules-once -clang-build-session-file /Users/johnacogan67/Library/Developer/Xcode/DerivedData/ModuleCache.noindex/Session.modulevalidation -Xcc -working-directory -Xcc /Users/johnacogan67/Projects/oralable_ios/OralableApp -enable-anonymous-context-mangled-names -file-compilation-dir /Users/johnacogan67/Projects/oralable_ios/OralableApp -Xcc -D_LIBCPP_HARDENING_MODE\=_LIBCPP_HARDENING_MODE_DEBUG -Xcc -ivfsstatcache -Xcc /Users/johnacogan67/Library/Developer/Xcode/DerivedData/SDKStatCaches.noindex/iphonesimulator26.1-23B77-3885c01c3e6b6a337905948deab2002e90cf18a4295e390e64c810bc6bd7acbc.sdkstatcache -Xcc -I/Users/johnacogan67/Library/Developer/Xcode/DerivedData/Build/Intermediates.noindex/OralableApp.build/Debug-iphonesimulator/OralableForDentists.build/swift-overrides.hmap -Xcc -iquote -Xcc /Users/johnacogan67/Library/Developer/Xcode/DerivedData/Build/Intermediates.noindex/OralableApp.build/Debug-iphonesimulator/OralableForDentists.build/OralableForDentists-generated-files.hmap -Xcc -I/Users/johnacogan67/Library/Developer/Xcode/DerivedData/Build/Intermediates.noindex/OralableApp.build/Debug-iphonesimulator/OralableForDentists.build/OralableForDentists-own-target-headers.hmap -Xcc -I/Users/johnacogan67/Library/Developer/Xcode/DerivedData/Build/Intermediates.noindex/OralableApp.build/Debug-iphonesimulator/OralableForDentists.build/OralableForDentists-all-target-headers.hmap -Xcc -iquote -Xcc /Users/johnacogan67/Library/Developer/Xcode/DerivedData/Build/Intermediates.noindex/OralableApp.build/Debug-iphonesimulator/OralableForDentists.build/OralableForDentists-project-headers.hmap -Xcc -I/Users/johnacogan67/Library/Developer/Xcode/DerivedData/Build/Products/Debug-iphonesimulator/include -Xcc -I/Users/johnacogan67/Library/Developer/Xcode/DerivedData/Build/Intermediates.noindex/OralableApp.build/Debug-iphonesimulator/OralableForDentists.build/DerivedSources-normal/arm64 -Xcc -I/Users/johnacogan67/Library/Developer/Xcode/DerivedData/Build/Intermediates.noindex/OralableApp.build/Debug-iphonesimulator/OralableForDentists.build/DerivedSources/arm64 -Xcc -I/Users/johnacogan67/Library/Developer/Xcode/DerivedData/Build/Intermediates.noindex/OralableApp.build/Debug-iphonesimulator/OralableForDentists.build/DerivedSources -Xcc -DDEBUG\=1 -no-auto-bridging-header-chaining -module-name OralableForDentists -frontend-parseable-output -disable-clang-spi -target-sdk-version 26.1 -target-sdk-name iphonesimulator26.1 -clang-target arm64-apple-ios26.1-simulator -in-process-plugin-server-path /Applications/Xcode.app/Contents/Developer/Toolchains/XcodeDefault.xctoolchain/usr/lib/swift/host/libSwiftInProcPluginServer.dylib -o /Users/johnacogan67/Library/Developer/Xcode/DerivedData/Build/Intermediates.noindex/OralableApp.build/Debug-iphonesimulator/OralableForDentists.build/Objects-normal/arm64/Logger.o -o /Users/johnacogan67/Library/Developer/Xcode/DerivedData/Build/Intermediates.noindex/OralableApp.build/Debug-iphonesimulator/OralableForDentists.build/Objects-normal/arm64/LoggingService.o -index-unit-output-path /OralableApp.build/Debug-iphonesimulator/OralableForDentists.build/Objects-normal/arm64/Logger.o -index-unit-output-path /OralableApp.build/Debug-iphonesimulator/OralableForDentists.build/Objects-normal/arm64/LoggingService.o -index-store-path /Users/johnacogan67/Library/Developer/Xcode/DerivedData/OralableApp-bbqtqzgjthkkwbbxnapmqywzpgkr/Index.noindex/DataStore -index-system-modules

SwiftCompile normal arm64 /Users/johnacogan67/Projects/oralable_ios/OralableApp/OralableApp/Managers/Logger.swift (in target 'OralableForDentists' from project 'OralableApp')
    cd /Users/johnacogan67/Projects/oralable_ios/OralableApp
    
/Users/johnacogan67/Projects/oralable_ios/OralableApp/OralableApp/Managers/Logger.swift:67:21: error: cannot find type 'LogLevel' in scope
    func log(level: LogLevel, _ message: String, file: String = #file, function: String = #function, line: Int = #line) {
                    ^~~~~~~~
/Users/johnacogan67/Projects/oralable_ios/OralableApp/OralableApp/Managers/Logger.swift:44:36: error: cannot infer contextual base in reference to member 'debug'
        loggingService.log(level: .debug, message: message, source: source)
                                  ~^~~~~
/Users/johnacogan67/Projects/oralable_ios/OralableApp/OralableApp/Managers/Logger.swift:51:36: error: cannot infer contextual base in reference to member 'info'
        loggingService.log(level: .info, message: message, source: source)
                                  ~^~~~
/Users/johnacogan67/Projects/oralable_ios/OralableApp/OralableApp/Managers/Logger.swift:57:36: error: cannot infer contextual base in reference to member 'warning'
        loggingService.log(level: .warning, message: message, source: source)
                                  ~^~~~~~~
/Users/johnacogan67/Projects/oralable_ios/OralableApp/OralableApp/Managers/Logger.swift:63:36: error: cannot infer contextual base in reference to member 'error'
        loggingService.log(level: .error, message: message, source: source)
                                  ~^~~~~

SwiftCompile normal arm64 /Users/johnacogan67/Projects/oralable_ios/OralableApp/OralableApp/Models/Devices/LoggingService.swift (in target 'OralableForDentists' from project 'OralableApp')
    cd /Users/johnacogan67/Projects/oralable_ios/OralableApp
    
/Users/johnacogan67/Projects/oralable_ios/OralableApp/OralableApp/Models/Devices/LoggingService.swift:17:36: error: cannot find type 'LogEntry' in scope
    var logPublisher: AnyPublisher<LogEntry, Never> { get }
                                   ^~~~~~~~
/Users/johnacogan67/Projects/oralable_ios/OralableApp/OralableApp/Models/Devices/LoggingService.swift:20:22: error: cannot find type 'LogEntry' in scope
    var recentLogs: [LogEntry] { get }
                     ^~~~~~~~
/Users/johnacogan67/Projects/oralable_ios/OralableApp/OralableApp/Models/Devices/LoggingService.swift:35:21: error: cannot find type 'LogLevel' in scope
    func log(level: LogLevel, message: String, source: String?)
                    ^~~~~~~~
/Users/johnacogan67/Projects/oralable_ios/OralableApp/OralableApp/Models/Devices/LoggingService.swift:41:59: error: cannot find type 'LogEntry' in scope
    func logs(from startDate: Date, to endDate: Date) -> [LogEntry]
                                                          ^~~~~~~~
/Users/johnacogan67/Projects/oralable_ios/OralableApp/OralableApp/Models/Devices/LoggingService.swift:44:46: error: cannot find type 'LogEntry' in scope
    func logs(withLevel level: LogLevel) -> [LogEntry]
                                             ^~~~~~~~
/Users/johnacogan67/Projects/oralable_ios/OralableApp/OralableApp/Models/Devices/LoggingService.swift:44:32: error: cannot find type 'LogLevel' in scope
    func logs(withLevel level: LogLevel) -> [LogEntry]
                               ^~~~~~~~
/Users/johnacogan67/Projects/oralable_ios/OralableApp/OralableApp/Models/Devices/LoggingService.swift:106:21: error: cannot find type 'LogLevel' in scope
    func log(level: LogLevel, message: String, source: String?) {
                    ^~~~~~~~
/Users/johnacogan67/Projects/oralable_ios/OralableApp/OralableApp/Models/Devices/LoggingService.swift:346:23: error: cannot find type 'LogLevel' in scope
    func log(_ level: LogLevel, _ message: String, file: String = #file, function: String = #function) {
                      ^~~~~~~~
/Users/johnacogan67/Projects/oralable_ios/OralableApp/OralableApp/Models/Devices/LoggingService.swift:62:46: error: cannot find type 'LogEntry' in scope
    @Published private(set) var recentLogs: [LogEntry] = []
                                             ^~~~~~~~
/Users/johnacogan67/Projects/oralable_ios/OralableApp/OralableApp/Models/Devices/LoggingService.swift:57:49: error: cannot find type 'LogEntry' in scope
    private let logSubject = PassthroughSubject<LogEntry, Never>()
                                                ^~~~~~~~
/Users/johnacogan67/Projects/oralable_ios/OralableApp/OralableApp/Models/Devices/LoggingService.swift:58:36: error: cannot find type 'LogEntry' in scope
    var logPublisher: AnyPublisher<LogEntry, Never> {
                                   ^~~~~~~~
/Users/johnacogan67/Projects/oralable_ios/OralableApp/OralableApp/Models/Devices/LoggingService.swift:133:59: error: cannot find type 'LogEntry' in scope
    func logs(from startDate: Date, to endDate: Date) -> [LogEntry] {
                                                          ^~~~~~~~
/Users/johnacogan67/Projects/oralable_ios/OralableApp/OralableApp/Models/Devices/LoggingService.swift:139:46: error: cannot find type 'LogEntry' in scope
    func logs(withLevel level: LogLevel) -> [LogEntry] {
                                             ^~~~~~~~
/Users/johnacogan67/Projects/oralable_ios/OralableApp/OralableApp/Models/Devices/LoggingService.swift:139:32: error: cannot find type 'LogLevel' in scope
    func logs(withLevel level: LogLevel) -> [LogEntry] {
                               ^~~~~~~~
/Users/johnacogan67/Projects/oralable_ios/OralableApp/OralableApp/Models/Devices/LoggingService.swift:170:43: error: cannot find type 'LogEntry' in scope
    private func addToRecentLogs(_ entry: LogEntry) {
                                          ^~~~~~~~
/Users/johnacogan67/Projects/oralable_ios/OralableApp/OralableApp/Models/Devices/LoggingService.swift:216:23: error: cannot find type 'LogEntry' in scope
    func log(_ entry: LogEntry) {
                      ^~~~~~~~
/Users/johnacogan67/Projects/oralable_ios/OralableApp/OralableApp/Models/Devices/LoggingService.swift:229:39: error: cannot find type 'LogEntry' in scope
    private func writeToFile(_ entry: LogEntry) {
                                      ^~~~~~~~
/Users/johnacogan67/Projects/oralable_ios/OralableApp/OralableApp/Models/Devices/LoggingService.swift:275:46: error: cannot find type 'LogEntry' in scope
    @Published private(set) var recentLogs: [LogEntry] = []
                                             ^~~~~~~~
/Users/johnacogan67/Projects/oralable_ios/OralableApp/OralableApp/Models/Devices/LoggingService.swift:270:49: error: cannot find type 'LogEntry' in scope
    private let logSubject = PassthroughSubject<LogEntry, Never>()
                                                ^~~~~~~~
/Users/johnacogan67/Projects/oralable_ios/OralableApp/OralableApp/Models/Devices/LoggingService.swift:271:36: error: cannot find type 'LogEntry' in scope
    var logPublisher: AnyPublisher<LogEntry, Never> {
                                   ^~~~~~~~
/Users/johnacogan67/Projects/oralable_ios/OralableApp/OralableApp/Models/Devices/LoggingService.swift:306:21: error: cannot find type 'LogLevel' in scope
    func log(level: LogLevel, message: String, source: String?) {
                    ^~~~~~~~
/Users/johnacogan67/Projects/oralable_ios/OralableApp/OralableApp/Models/Devices/LoggingService.swift:321:59: error: cannot find type 'LogEntry' in scope
    func logs(from startDate: Date, to endDate: Date) -> [LogEntry] {
                                                          ^~~~~~~~
/Users/johnacogan67/Projects/oralable_ios/OralableApp/OralableApp/Models/Devices/LoggingService.swift:327:46: error: cannot find type 'LogEntry' in scope
    func logs(withLevel level: LogLevel) -> [LogEntry] {
                                             ^~~~~~~~
/Users/johnacogan67/Projects/oralable_ios/OralableApp/OralableApp/Models/Devices/LoggingService.swift:327:32: error: cannot find type 'LogLevel' in scope
    func logs(withLevel level: LogLevel) -> [LogEntry] {
                               ^~~~~~~~
/Users/johnacogan67/Projects/oralable_ios/OralableApp/OralableApp/Models/Devices/LoggingService.swift:80:33: error: cannot infer type of closure parameter 'logEntry' without a type annotation
            .sink { [weak self] logEntry in
                                ^
/Users/johnacogan67/Projects/oralable_ios/OralableApp/OralableApp/Models/Devices/LoggingService.swift:91:21: error: cannot infer contextual base in reference to member 'debug'
        log(level: .debug, message: message, source: source)
                   ~^~~~~
/Users/johnacogan67/Projects/oralable_ios/OralableApp/OralableApp/Models/Devices/LoggingService.swift:95:21: error: cannot infer contextual base in reference to member 'info'
        log(level: .info, message: message, source: source)
                   ~^~~~
/Users/johnacogan67/Projects/oralable_ios/OralableApp/OralableApp/Models/Devices/LoggingService.swift:99:21: error: cannot infer contextual base in reference to member 'warning'
        log(level: .warning, message: message, source: source)
                   ~^~~~~~~
/Users/johnacogan67/Projects/oralable_ios/OralableApp/OralableApp/Models/Devices/LoggingService.swift:103:21: error: cannot infer contextual base in reference to member 'error'
        log(level: .error, message: message, source: source)
                   ~^~~~~
/Users/johnacogan67/Projects/oralable_ios/OralableApp/OralableApp/Models/Devices/LoggingService.swift:107:21: error: cannot find 'LogEntry' in scope
        let entry = LogEntry(
                    ^~~~~~~~
/Users/johnacogan67/Projects/oralable_ios/OralableApp/OralableApp/Models/Devices/LoggingService.swift:241:44: error: cannot infer contextual base in reference to member 'utf8'
        if let data = logLine.data(using: .utf8) {
                                          ~^~~~
/Users/johnacogan67/Projects/oralable_ios/OralableApp/OralableApp/Models/Devices/LoggingService.swift:280:13: error: cannot find 'LogEntry' in scope
            LogEntry(timestamp: Date().addingTimeInterval(-300), level: .info, message: "App started", category: "App"),
            ^~~~~~~~
/Users/johnacogan67/Projects/oralable_ios/OralableApp/OralableApp/Models/Devices/LoggingService.swift:281:13: error: cannot find 'LogEntry' in scope
            LogEntry(timestamp: Date().addingTimeInterval(-250), level: .debug, message: "Scanning for devices", category: "DeviceManager"),
            ^~~~~~~~
/Users/johnacogan67/Projects/oralable_ios/OralableApp/OralableApp/Models/Devices/LoggingService.swift:282:13: error: cannot find 'LogEntry' in scope
            LogEntry(timestamp: Date().addingTimeInterval(-200), level: .info, message: "Found Oralable device", category: "BLE"),
            ^~~~~~~~
/Users/johnacogan67/Projects/oralable_ios/OralableApp/OralableApp/Models/Devices/LoggingService.swift:283:13: error: cannot find 'LogEntry' in scope
            LogEntry(timestamp: Date().addingTimeInterval(-150), level: .info, message: "Connected successfully", category: "OralableDevice"),
            ^~~~~~~~
/Users/johnacogan67/Projects/oralable_ios/OralableApp/OralableApp/Models/Devices/LoggingService.swift:284:13: error: cannot find 'LogEntry' in scope
            LogEntry(timestamp: Date().addingTimeInterval(-100), level: .debug, message: "Received PPG data: 20 samples", category: "OralableDevice"),
            ^~~~~~~~
/Users/johnacogan67/Projects/oralable_ios/OralableApp/OralableApp/Models/Devices/LoggingService.swift:285:13: error: cannot find 'LogEntry' in scope
            LogEntry(timestamp: Date().addingTimeInterval(-50), level: .warning, message: "Low battery: 15%", category: "BatteryMonitor"),
            ^~~~~~~~
/Users/johnacogan67/Projects/oralable_ios/OralableApp/OralableApp/Models/Devices/LoggingService.swift:286:13: error: cannot find 'LogEntry' in scope
            LogEntry(timestamp: Date().addingTimeInterval(-10), level: .info, message: "Heart rate calculated: 72 bpm", category: "HeartRateCalculator")
            ^~~~~~~~
/Users/johnacogan67/Projects/oralable_ios/OralableApp/OralableApp/Models/Devices/LoggingService.swift:280:74: error: cannot infer contextual base in reference to member 'info'
            LogEntry(timestamp: Date().addingTimeInterval(-300), level: .info, message: "App started", category: "App"),
                                                                        ~^~~~
/Users/johnacogan67/Projects/oralable_ios/OralableApp/OralableApp/Models/Devices/LoggingService.swift:281:74: error: cannot infer contextual base in reference to member 'debug'
            LogEntry(timestamp: Date().addingTimeInterval(-250), level: .debug, message: "Scanning for devices", category: "DeviceManager"),
                                                                        ~^~~~~
/Users/johnacogan67/Projects/oralable_ios/OralableApp/OralableApp/Models/Devices/LoggingService.swift:282:74: error: cannot infer contextual base in reference to member 'info'
            LogEntry(timestamp: Date().addingTimeInterval(-200), level: .info, message: "Found Oralable device", category: "BLE"),
                                                                        ~^~~~
/Users/johnacogan67/Projects/oralable_ios/OralableApp/OralableApp/Models/Devices/LoggingService.swift:283:74: error: cannot infer contextual base in reference to member 'info'
            LogEntry(timestamp: Date().addingTimeInterval(-150), level: .info, message: "Connected successfully", category: "OralableDevice"),
                                                                        ~^~~~
/Users/johnacogan67/Projects/oralable_ios/OralableApp/OralableApp/Models/Devices/LoggingService.swift:284:74: error: cannot infer contextual base in reference to member 'debug'
            LogEntry(timestamp: Date().addingTimeInterval(-100), level: .debug, message: "Received PPG data: 20 samples", category: "OralableDevice"),
                                                                        ~^~~~~
/Users/johnacogan67/Projects/oralable_ios/OralableApp/OralableApp/Models/Devices/LoggingService.swift:285:73: error: cannot infer contextual base in reference to member 'warning'
            LogEntry(timestamp: Date().addingTimeInterval(-50), level: .warning, message: "Low battery: 15%", category: "BatteryMonitor"),
                                                                       ~^~~~~~~
/Users/johnacogan67/Projects/oralable_ios/OralableApp/OralableApp/Models/Devices/LoggingService.swift:286:73: error: cannot infer contextual base in reference to member 'info'
            LogEntry(timestamp: Date().addingTimeInterval(-10), level: .info, message: "Heart rate calculated: 72 bpm", category: "HeartRateCalculator")
                                                                       ~^~~~
/Users/johnacogan67/Projects/oralable_ios/OralableApp/OralableApp/Models/Devices/LoggingService.swift:291:21: error: cannot infer contextual base in reference to member 'debug'
        log(level: .debug, message: message, source: source)
                   ~^~~~~
/Users/johnacogan67/Projects/oralable_ios/OralableApp/OralableApp/Models/Devices/LoggingService.swift:295:21: error: cannot infer contextual base in reference to member 'info'
        log(level: .info, message: message, source: source)
                   ~^~~~
/Users/johnacogan67/Projects/oralable_ios/OralableApp/OralableApp/Models/Devices/LoggingService.swift:299:21: error: cannot infer contextual base in reference to member 'warning'
        log(level: .warning, message: message, source: source)
                   ~^~~~~~~
/Users/johnacogan67/Projects/oralable_ios/OralableApp/OralableApp/Models/Devices/LoggingService.swift:303:21: error: cannot infer contextual base in reference to member 'error'
        log(level: .error, message: message, source: source)
                   ~^~~~~
/Users/johnacogan67/Projects/oralable_ios/OralableApp/OralableApp/Models/Devices/LoggingService.swift:307:21: error: cannot find 'LogEntry' in scope
        let entry = LogEntry(level: level, message: message, category: source ?? "App")
                    ^~~~~~~~
/Users/johnacogan67/Projects/oralable_ios/OralableApp/OralableApp/Models/Devices/LoggingService.swift:354:14: error: cannot infer contextual base in reference to member 'debug'
        log(.debug, message, file: file, function: function)
            ~^~~~~
/Users/johnacogan67/Projects/oralable_ios/OralableApp/OralableApp/Models/Devices/LoggingService.swift:358:14: error: cannot infer contextual base in reference to member 'info'
        log(.info, message, file: file, function: function)
            ~^~~~
/Users/johnacogan67/Projects/oralable_ios/OralableApp/OralableApp/Models/Devices/LoggingService.swift:362:14: error: cannot infer contextual base in reference to member 'warning'
        log(.warning, message, file: file, function: function)
            ~^~~~~~~
/Users/johnacogan67/Projects/oralable_ios/OralableApp/OralableApp/Models/Devices/LoggingService.swift:366:14: error: cannot infer contextual base in reference to member 'error'
        log(.error, message, file: file, function: function)
            ~^~~~~

SwiftCompile normal arm64 Compiling\ PatientListView.swift /Users/johnacogan67/Projects/oralable_ios/OralableApp/OralableForDentists/Views/PatientListView.swift (in target 'OralableForDentists' from project 'OralableApp')

SwiftCompile normal arm64 /Users/johnacogan67/Projects/oralable_ios/OralableApp/OralableForDentists/Views/PatientListView.swift (in target 'OralableForDentists' from project 'OralableApp')
    cd /Users/johnacogan67/Projects/oralable_ios/OralableApp
    

SwiftCompile normal arm64 Compiling\ UpgradePromptView.swift /Users/johnacogan67/Projects/oralable_ios/OralableApp/OralableForDentists/Views/UpgradePromptView.swift (in target 'OralableForDentists' from project 'OralableApp')

SwiftCompile normal arm64 /Users/johnacogan67/Projects/oralable_ios/OralableApp/OralableForDentists/Views/UpgradePromptView.swift (in target 'OralableForDentists' from project 'OralableApp')
    cd /Users/johnacogan67/Projects/oralable_ios/OralableApp
    

SwiftCompile normal arm64 Compiling\ PatientListViewModel.swift,\ AddPatientView.swift /Users/johnacogan67/Projects/oralable_ios/OralableApp/OralableForDentists/ViewModels/PatientListViewModel.swift /Users/johnacogan67/Projects/oralable_ios/OralableApp/OralableForDentists/Views/AddPatientView.swift (in target 'OralableForDentists' from project 'OralableApp')
SwiftCompile normal arm64 /Users/johnacogan67/Projects/oralable_ios/OralableApp/OralableForDentists/ViewModels/PatientListViewModel.swift (in target 'OralableForDentists' from project 'OralableApp')
    cd /Users/johnacogan67/Projects/oralable_ios/OralableApp
    

SwiftCompile normal arm64 /Users/johnacogan67/Projects/oralable_ios/OralableApp/OralableForDentists/Views/AddPatientView.swift (in target 'OralableForDentists' from project 'OralableApp')
    cd /Users/johnacogan67/Projects/oralable_ios/OralableApp
    

SwiftCompile normal arm64 Compiling\ DentistAppDependencies.swift,\ DentistAuthenticationManager.swift /Users/johnacogan67/Projects/oralable_ios/OralableApp/OralableForDentists/Managers/DentistAppDependencies.swift /Users/johnacogan67/Projects/oralable_ios/OralableApp/OralableForDentists/Managers/DentistAuthenticationManager.swift (in target 'OralableForDentists' from project 'OralableApp')

SwiftCompile normal arm64 /Users/johnacogan67/Projects/oralable_ios/OralableApp/OralableForDentists/Managers/DentistAppDependencies.swift (in target 'OralableForDentists' from project 'OralableApp')
    cd /Users/johnacogan67/Projects/oralable_ios/OralableApp
    

SwiftCompile normal arm64 /Users/johnacogan67/Projects/oralable_ios/OralableApp/OralableForDentists/Managers/DentistAuthenticationManager.swift (in target 'OralableForDentists' from project 'OralableApp')
    cd /Users/johnacogan67/Projects/oralable_ios/OralableApp
    

SwiftEmitModule normal arm64 Emitting\ module\ for\ OralableForDentists (in target 'OralableForDentists' from project 'OralableApp')
EmitSwiftModule normal arm64 (in target 'OralableForDentists' from project 'OralableApp')
    cd /Users/johnacogan67/Projects/oralable_ios/OralableApp
    

SwiftCompile normal arm64 Compiling\ DentistSettingsView.swift,\ PatientDetailView.swift /Users/johnacogan67/Projects/oralable_ios/OralableApp/OralableForDentists/Views/DentistSettingsView.swift /Users/johnacogan67/Projects/oralable_ios/OralableApp/OralableForDentists/Views/PatientDetailView.swift (in target 'OralableForDentists' from project 'OralableApp')

SwiftCompile normal arm64 /Users/johnacogan67/Projects/oralable_ios/OralableApp/OralableForDentists/Views/DentistSettingsView.swift (in target 'OralableForDentists' from project 'OralableApp')
    cd /Users/johnacogan67/Projects/oralable_ios/OralableApp
    

SwiftCompile normal arm64 /Users/johnacogan67/Projects/oralable_ios/OralableApp/OralableForDentists/Views/PatientDetailView.swift (in target 'OralableForDentists' from project 'OralableApp')
    cd /Users/johnacogan67/Projects/oralable_ios/OralableApp
    

SwiftCompile normal arm64 Compiling\ DentistDataManager.swift,\ DentistSubscriptionManager.swift /Users/johnacogan67/Projects/oralable_ios/OralableApp/OralableForDentists/Managers/DentistDataManager.swift /Users/johnacogan67/Projects/oralable_ios/OralableApp/OralableForDentists/Managers/DentistSubscriptionManager.swift (in target 'OralableForDentists' from project 'OralableApp')

** BUILD FAILED **


The following build commands failed:
	SwiftCompile normal arm64 Compiling\ Logger.swift,\ LoggingService.swift /Users/johnacogan67/Projects/oralable_ios/OralableApp/OralableApp/Managers/Logger.swift /Users/johnacogan67/Projects/oralable_ios/OralableApp/OralableApp/Models/Devices/LoggingService.swift (in target 'OralableForDentists' from project 'OralableApp')
	SwiftCompile normal arm64 /Users/johnacogan67/Projects/oralable_ios/OralableApp/OralableApp/Managers/Logger.swift (in target 'OralableForDentists' from project 'OralableApp')
	SwiftCompile normal arm64 /Users/johnacogan67/Projects/oralable_ios/OralableApp/OralableApp/Models/Devices/LoggingService.swift (in target 'OralableForDentists' from project 'OralableApp')
	Building project OralableApp with scheme OralableForDentists and configuration Debug
(4 failures)
